
PLAY [Checkings...] ************************************************************

TASK [deploy_stage_checking : current stage: dev] ******************************
Pausing for 7 seconds
(ctrl+C then 'C' = continue early, ctrl+C then 'A' = abort)
[[[KPress 'C' to continue the play or 'A' to abort 
ok: [localhost]

PLAY [SF ansible tasks - provision] ********************************************

TASK [Gathering Facts] *********************************************************
ok: [localhost]

TASK [tf_s3_backend : provision Terraform S3 backend] **************************
ok: [localhost]

TASK [tf_s3_backend : debug print S3 backend bucket name] **********************
ok: [localhost] => {
    "msg": "bucket--b0f3da30cc448491"
}

TASK [tf_app : planning Terraform App - ./tf/live/dev/app - ./ansible-0-provision.dev.tfplan] ***
ok: [localhost]

TASK [tf_app : check plan: /home/avatar/dev/c7-d0/ansible-0-provision.dev.tfplan] ***
Pausing for 300 seconds
(ctrl+C then 'C' = continue early, ctrl+C then 'A' = abort)
[[[KPress 'C' to continue the play or 'A' to abort 
ok: [localhost]

TASK [tf_app : provision Terraform App - ./tf/live/dev/app] ********************
changed: [localhost]

TASK [tf_app : out inventory file - ./ansible-1-deploy-inventory.dev.txt] ******
changed: [localhost]

TASK [tf_app : out inventory ssh config - ./ansible-1-deploy-ssh.dev.config] ***
ok: [localhost]

TASK [tf_app : debug print external app access params] *************************
ok: [localhost] => {
    "msg": {
        "addr": "62.84.112.65",
        "port": 80
    }
}

PLAY [SF ansible tasks - kubespray sync git repo] ******************************

TASK [Gathering Facts] *********************************************************
ok: [localhost]

TASK [git-kubespray : Git checkout kubespray] **********************************
ok: [localhost]

PLAY RECAP *********************************************************************
localhost                  : ok=12   changed=2    unreachable=0    failed=0    skipped=0    rescued=0    ignored=0   

